<?xml version="1.0" encoding="UTF-8"?>
<!-- Generated by org.testng.reporters.JUnitReportReporter -->
<testsuite skipped="0" hostname="MDZN0094" name="qa.CucumberTests" tests="9" failures="2" timestamp="2020-07-16T08:58:45 ART" time="63.019" errors="0">
  <testcase name="runScenario" time="4.176" classname="qa.CucumberTests"/>
  <system-out/>
  <testcase name="runScenario" time="3.744" classname="qa.CucumberTests">
    <failure type="java.lang.AssertionError" message="expected [true] but found [false]">
      <![CDATA[java.lang.AssertionError: expected [true] but found [false]
at org.testng.Assert.fail(Assert.java:97)
at org.testng.Assert.failNotEquals(Assert.java:969)
at org.testng.Assert.assertTrue(Assert.java:43)
at org.testng.Assert.assertTrue(Assert.java:53)
at qa.stepdefinitions.GrupoTarifarioStepDefs.actuario_tiene_grupo_tarifario_eliminado_aceptar(GrupoTarifarioStepDefs.java:191)
at ✽.actuario tiene grupo tarifario eliminado aceptar(file:///C:/Users/berdinas/IdeaProjects/delta_sprint_4/delta_grupo_tarifario_v1/src/test/java/qa/features/grupo_tarifario.feature:36)
]]>
    </failure>
  </testcase> <!-- runScenario -->
  <system-out/>
  <testcase name="runScenario" time="6.082" classname="qa.CucumberTests"/>
  <system-out/>
  <testcase name="runScenario" time="20.814" classname="qa.CucumberTests"/>
  <system-out/>
  <testcase name="runScenario" time="10.077" classname="qa.CucumberTests"/>
  <system-out/>
  <testcase name="runScenario" time="4.593" classname="qa.CucumberTests"/>
  <system-out/>
  <testcase name="runScenario" time="4.716" classname="qa.CucumberTests"/>
  <system-out/>
  <testcase name="runScenario" time="4.680" classname="qa.CucumberTests"/>
  <system-out/>
  <testcase name="runScenario" time="4.137" classname="qa.CucumberTests">
    <failure type="java.lang.AssertionError" message="expected [true] but found [false]">
      <![CDATA[java.lang.AssertionError: expected [true] but found [false]
at org.testng.Assert.fail(Assert.java:97)
at org.testng.Assert.failNotEquals(Assert.java:969)
at org.testng.Assert.assertTrue(Assert.java:43)
at org.testng.Assert.assertTrue(Assert.java:53)
at qa.stepdefinitions.GrupoTarifarioStepDefs.actuario_tiene_ordenado_ascendente_grupo_tarifario_existente(GrupoTarifarioStepDefs.java:214)
at ✽.actuario tiene ordenado ascendente grupo tarifario existente(file:///C:/Users/berdinas/IdeaProjects/delta_sprint_4/delta_grupo_tarifario_v1/src/test/java/qa/features/grupo_tarifario.feature:41)
]]>
    </failure>
  </testcase> <!-- runScenario -->
  <system-out/>
</testsuite> <!-- qa.CucumberTests -->
